# JRE version: Java(TM) SE Runtime Environment (8.0_231-b11) (build 1.8.0_231-b11)
# Java VM: Java HotSpot(TM) 64-Bit Server VM (25.231-b11 mixed mode windows-amd64 compressed oops)
Heap:
 PSYoungGen      total 125952K, used 107621K [0x00000000d5f80000, 0x00000000deb00000, 0x0000000100000000)
  eden space 122880K, 85% used [0x00000000d5f80000,0x00000000dc5c2d10,0x00000000dd780000)
  from space 3072K, 94% used [0x00000000de800000,0x00000000dead6708,0x00000000deb00000)
  to   space 7168K, 0% used [0x00000000ddd00000,0x00000000ddd00000,0x00000000de400000)
 ParOldGen       total 44544K, used 5237K [0x0000000081e00000, 0x0000000084980000, 0x00000000d5f80000)
  object space 44544K, 11% used [0x0000000081e00000,0x000000008231d428,0x0000000084980000)
 Metaspace       used 25999K, capacity 27302K, committed 27568K, reserved 1073152K
  class space    used 3674K, capacity 3926K, committed 4016K, reserved 1048576K
GC Heap History (10 events):
Event: 7.652 GC heap before
{Heap before GC invocations=5 (full 0):
 PSYoungGen      total 38400K, used 37843K [0x00000000d5f80000, 0x00000000d8a00000, 0x0000000100000000)
  eden space 33280K, 100% used [0x00000000d5f80000,0x00000000d8000000,0x00000000d8000000)
  from space 5120K, 89% used [0x00000000d8500000,0x00000000d8974fc0,0x00000000d8a00000)
  to   space 5120K, 0% used [0x00000000d8000000,0x00000000d8000000,0x00000000d8500000)
 ParOldGen       total 87552K, used 40K [0x0000000081e00000, 0x0000000087380000, 0x00000000d5f80000)
  object space 87552K, 0% used [0x0000000081e00000,0x0000000081e0a000,0x0000000087380000)
 Metaspace       used 17970K, capacity 18928K, committed 19200K, reserved 1067008K
  class space    used 2250K, capacity 2451K, committed 2560K, reserved 1048576K
Event: 7.656 GC heap after
Heap after GC invocations=5 (full 0):
 PSYoungGen      total 38400K, used 5097K [0x00000000d5f80000, 0x00000000dad80000, 0x0000000100000000)
  eden space 33280K, 0% used [0x00000000d5f80000,0x00000000d5f80000,0x00000000d8000000)
  from space 5120K, 99% used [0x00000000d8000000,0x00000000d84fa538,0x00000000d8500000)
  to   space 6656K, 0% used [0x00000000da700000,0x00000000da700000,0x00000000dad80000)
 ParOldGen       total 87552K, used 1171K [0x0000000081e00000, 0x0000000087380000, 0x00000000d5f80000)
  object space 87552K, 1% used [0x0000000081e00000,0x0000000081f24df8,0x0000000087380000)
 Metaspace       used 17970K, capacity 18928K, committed 19200K, reserved 1067008K
  class space    used 2250K, capacity 2451K, committed 2560K, reserved 1048576K
}
Event: 7.836 GC heap before
{Heap before GC invocations=6 (full 0):
 PSYoungGen      total 38400K, used 38377K [0x00000000d5f80000, 0x00000000dad80000, 0x0000000100000000)
  eden space 33280K, 100% used [0x00000000d5f80000,0x00000000d8000000,0x00000000d8000000)
  from space 5120K, 99% used [0x00000000d8000000,0x00000000d84fa538,0x00000000d8500000)
  to   space 6656K, 0% used [0x00000000da700000,0x00000000da700000,0x00000000dad80000)
 ParOldGen       total 87552K, used 1171K [0x0000000081e00000, 0x0000000087380000, 0x00000000d5f80000)
  object space 87552K, 1% used [0x0000000081e00000,0x0000000081f24df8,0x0000000087380000)
 Metaspace       used 19731K, capacity 20804K, committed 20992K, reserved 1067008K
  class space    used 2531K, capacity 2727K, committed 2816K, reserved 1048576K
Event: 7.840 GC heap after
Heap after GC invocations=6 (full 0):
 PSYoungGen      total 72704K, used 6324K [0x00000000d5f80000, 0x00000000dae80000, 0x0000000100000000)
  eden space 66048K, 0% used [0x00000000d5f80000,0x00000000d5f80000,0x00000000da000000)
  from space 6656K, 95% used [0x00000000da700000,0x00000000dad2d280,0x00000000dad80000)
  to   space 7168K, 0% used [0x00000000da000000,0x00000000da000000,0x00000000da700000)
 ParOldGen       total 87552K, used 1179K [0x0000000081e00000, 0x0000000087380000, 0x00000000d5f80000)
  object space 87552K, 1% used [0x0000000081e00000,0x0000000081f26df8,0x0000000087380000)
 Metaspace       used 19731K, capacity 20804K, committed 20992K, reserved 1067008K
  class space    used 2531K, capacity 2727K, committed 2816K, reserved 1048576K
}
Event: 7.907 GC heap before
{Heap before GC invocations=7 (full 0):
 PSYoungGen      total 72704K, used 23365K [0x00000000d5f80000, 0x00000000dae80000, 0x0000000100000000)
  eden space 66048K, 25% used [0x00000000d5f80000,0x00000000d7024360,0x00000000da000000)
  from space 6656K, 95% used [0x00000000da700000,0x00000000dad2d280,0x00000000dad80000)
  to   space 7168K, 0% used [0x00000000da000000,0x00000000da000000,0x00000000da700000)
 ParOldGen       total 87552K, used 1179K [0x0000000081e00000, 0x0000000087380000, 0x00000000d5f80000)
  object space 87552K, 1% used [0x0000000081e00000,0x0000000081f26df8,0x0000000087380000)
 Metaspace       used 20214K, capacity 21258K, committed 21296K, reserved 1067008K
  class space    used 2636K, capacity 2856K, committed 2864K, reserved 1048576K
Event: 7.911 GC heap after
Heap after GC invocations=7 (full 0):
 PSYoungGen      total 73216K, used 2952K [0x00000000d5f80000, 0x00000000def80000, 0x0000000100000000)
  eden space 66048K, 0% used [0x00000000d5f80000,0x00000000d5f80000,0x00000000da000000)
  from space 7168K, 41% used [0x00000000da000000,0x00000000da2e2098,0x00000000da700000)
  to   space 7680K, 0% used [0x00000000de800000,0x00000000de800000,0x00000000def80000)
 ParOldGen       total 87552K, used 3637K [0x0000000081e00000, 0x0000000087380000, 0x00000000d5f80000)
  object space 87552K, 4% used [0x0000000081e00000,0x000000008218d5f8,0x0000000087380000)
 Metaspace       used 20214K, capacity 21258K, committed 21296K, reserved 1067008K
  class space    used 2636K, capacity 2856K, committed 2864K, reserved 1048576K
}
Event: 7.911 GC heap before
{Heap before GC invocations=8 (full 1):
 PSYoungGen      total 73216K, used 2952K [0x00000000d5f80000, 0x00000000def80000, 0x0000000100000000)
  eden space 66048K, 0% used [0x00000000d5f80000,0x00000000d5f80000,0x00000000da000000)
  from space 7168K, 41% used [0x00000000da000000,0x00000000da2e2098,0x00000000da700000)
  to   space 7680K, 0% used [0x00000000de800000,0x00000000de800000,0x00000000def80000)
 ParOldGen       total 87552K, used 3637K [0x0000000081e00000, 0x0000000087380000, 0x00000000d5f80000)
  object space 87552K, 4% used [0x0000000081e00000,0x000000008218d5f8,0x0000000087380000)
 Metaspace       used 20214K, capacity 21258K, committed 21296K, reserved 1067008K
  class space    used 2636K, capacity 2856K, committed 2864K, reserved 1048576K
Event: 7.937 GC heap after
Heap after GC invocations=8 (full 1):
 PSYoungGen      total 73216K, used 0K [0x00000000d5f80000, 0x00000000def80000, 0x0000000100000000)
  eden space 66048K, 0% used [0x00000000d5f80000,0x00000000d5f80000,0x00000000da000000)
  from space 7168K, 0% used [0x00000000da000000,0x00000000da000000,0x00000000da700000)
  to   space 7680K, 0% used [0x00000000de800000,0x00000000de800000,0x00000000def80000)
 ParOldGen       total 44544K, used 5229K [0x0000000081e00000, 0x0000000084980000, 0x00000000d5f80000)
  object space 44544K, 11% used [0x0000000081e00000,0x000000008231b428,0x0000000084980000)
 Metaspace       used 20214K, capacity 21258K, committed 21296K, reserved 1067008K
  class space    used 2636K, capacity 2856K, committed 2864K, reserved 1048576K
}
Event: 8.220 GC heap before
{Heap before GC invocations=9 (full 1):
 PSYoungGen      total 73216K, used 66048K [0x00000000d5f80000, 0x00000000def80000, 0x0000000100000000)
  eden space 66048K, 100% used [0x00000000d5f80000,0x00000000da000000,0x00000000da000000)
  from space 7168K, 0% used [0x00000000da000000,0x00000000da000000,0x00000000da700000)
  to   space 7680K, 0% used [0x00000000de800000,0x00000000de800000,0x00000000def80000)
 ParOldGen       total 44544K, used 5229K [0x0000000081e00000, 0x0000000084980000, 0x00000000d5f80000)
  object space 44544K, 11% used [0x0000000081e00000,0x000000008231b428,0x0000000084980000)
 Metaspace       used 22492K, capacity 23620K, committed 23856K, reserved 1069056K
  class space    used 3108K, capacity 3351K, committed 3376K, reserved 1048576K
Event: 8.222 GC heap after
Heap after GC invocations=9 (full 1):
 PSYoungGen      total 125952K, used 2905K [0x00000000d5f80000, 0x00000000deb00000, 0x0000000100000000)
  eden space 122880K, 0% used [0x00000000d5f80000,0x00000000d5f80000,0x00000000dd780000)
  from space 3072K, 94% used [0x00000000de800000,0x00000000dead6708,0x00000000deb00000)
  to   space 7168K, 0% used [0x00000000ddd00000,0x00000000ddd00000,0x00000000de400000)
 ParOldGen       total 44544K, used 5237K [0x0000000081e00000, 0x0000000084980000, 0x00000000d5f80000)
  object space 44544K, 11% used [0x0000000081e00000,0x000000008231d428,0x0000000084980000)
 Metaspace       used 22492K, capacity 23620K, committed 23856K, reserved 1069056K
  class space    used 3108K, capacity 3351K, committed 3376K, reserved 1048576K
}

